<?xml version="1.0" encoding="UTF-8"?>
<!-- Generated by org.testng.reporters.JUnitXMLReporter -->
<testsuite hostname="DESKTOP-8N5L04U" ignored="0" name="Command line test" tests="1" failures="1" timestamp="01 Mar 2018 06:31:03 GMT" time="56.897" errors="0">
  <testcase name="test" time="56.87" classname="automationFramework.Apache_POI_TC">
    <failure type="java.lang.AssertionError" message="null">
      <![CDATA[java.lang.AssertionError: null
at applicationModules.LoadPage_Action.Execute(LoadPage_Action.java:31)
at automationFramework.Apache_POI_TC.test(Apache_POI_TC.java:66)
at utility.Main.main(Main.java:13)
... Removed 24 stack frames]]>
    </failure>
  </testcase> <!-- test -->
</testsuite> <!-- Command line test -->
